#
# There is insufficient memory for the Java Runtime Environment to continue.
# Native memory allocation (mmap) failed to map 132120576 bytes for G1 virtual space
# Possible reasons:
#   The system is out of physical RAM or swap space
#   The process is running with CompressedOops enabled, and the Java Heap may be blocking the growth of the native heap
# Possible solutions:
#   Reduce memory load on the system
#   Increase physical memory or swap space
#   Check if swap backing store is full
#   Decrease Java heap size (-Xmx/-Xms)
#   Decrease number of Java threads
#   Decrease Java thread stack sizes (-Xss)
#   Set larger code cache with -XX:ReservedCodeCacheSize=
#   JVM is running with Zero Based Compressed Oops mode in which the Java heap is
#     placed in the first 32GB address space. The Java Heap base address is the
#     maximum limit for the native heap growth. Please use -XX:HeapBaseMinAddress
#     to set the Java Heap base and to place the Java Heap above 32GB virtual address.
# This output file may be truncated or incomplete.
#
#  Out of Memory Error (os_windows.cpp:3550), pid=21344, tid=14488
#
# JRE version: Java(TM) SE Runtime Environment (17.0.8+9) (build 17.0.8+9-LTS-211)
# Java VM: Java HotSpot(TM) 64-Bit Server VM (17.0.8+9-LTS-211, mixed mode, emulated-client, sharing, tiered, compressed oops, compressed class ptrs, g1 gc, windows-amd64)
# No core dump will be written. Minidumps are not enabled by default on client versions of Windows
#

---------------  S U M M A R Y ------------

Command Line: -XX:TieredStopAtLevel=1 -Dspring.output.ansi.enabled=always -Dcom.sun.management.jmxremote -Dspring.jmx.enabled=true -Dspring.liveBeansView.mbeanDomain -Dspring.application.admin.enabled=true -Dmanagement.endpoints.jmx.exposure.include=* -javaagent:E:\Intelliji\IntelliJ IDEA 2023.2.3\lib\idea_rt.jar=54460:E:\Intelliji\IntelliJ IDEA 2023.2.3\bin -Dfile.encoding=UTF-8 com.example.spring.CafeManagerApplication.CafeManagerApplication

Host: Intel(R) Core(TM) i5-9400F CPU @ 2.90GHz, 6 cores, 15G,  Windows 10 , 64 bit Build 19041 (10.0.19041.3155)
Time: Thu Nov 16 05:14:59 2023 SE Asia Standard Time elapsed time: 6.468619 seconds (0d 0h 0m 6s)

---------------  T H R E A D  ---------------

Current thread (0x0000022ead236970):  VMThread "VM Thread" [stack: 0x000000c747900000,0x000000c747a00000] [id=14488]

Stack: [0x000000c747900000,0x000000c747a00000]
Native frames: (J=compiled Java code, j=interpreted, Vv=VM code, C=native code)
V  [jvm.dll+0x677d0a]
V  [jvm.dll+0x7d8c54]
V  [jvm.dll+0x7da3fe]
V  [jvm.dll+0x7daa63]
V  [jvm.dll+0x245c5f]
V  [jvm.dll+0x674bb9]
V  [jvm.dll+0x6694f2]
V  [jvm.dll+0x3031d6]
V  [jvm.dll+0x30a756]
V  [jvm.dll+0x359f9e]
V  [jvm.dll+0x35a1cf]
V  [jvm.dll+0x2da3e8]
V  [jvm.dll+0x2d87f5]
V  [jvm.dll+0x2d7dfc]
V  [jvm.dll+0x31b4cb]
V  [jvm.dll+0x7df26b]
V  [jvm.dll+0x7dffa4]
V  [jvm.dll+0x7e04bd]
V  [jvm.dll+0x7e0894]
V  [jvm.dll+0x7e0960]
V  [jvm.dll+0x788bba]
V  [jvm.dll+0x676b35]
C  [ucrtbase.dll+0x21bb2]
C  [KERNEL32.DLL+0x17614]
C  [ntdll.dll+0x526b1]

VM_Operation (0x000000c74a2fd280): G1CollectForAllocation, mode: safepoint, requested by thread 0x0000022ef54098e0


---------------  P R O C E S S  ---------------

Threads class SMR info:
_java_thread_list=0x0000022ef52fd5b0, length=37, elements={
0x0000022e94ab3a10, 0x0000022ead23b5c0, 0x0000022ead23cbd0, 0x0000022ead24c360,
0x0000022ead24df20, 0x0000022ead2508e0, 0x0000022ead251290, 0x0000022ead253d00,
0x0000022ead398440, 0x0000022ead224210, 0x0000022ead44ac60, 0x0000022ead451190,
0x0000022eada16f40, 0x0000022eada17410, 0x0000022eadba3a10, 0x0000022eade6af80,
0x0000022eade6b8d0, 0x0000022ef35c58e0, 0x0000022ef360de60, 0x0000022ef433a670,
0x0000022ef433c350, 0x0000022ef433ccf0, 0x0000022ef433db60, 0x0000022ef433c820,
0x0000022ef433d1c0, 0x0000022ef433d690, 0x0000022ef433a1a0, 0x0000022ef433ab40,
0x0000022ef433b010, 0x0000022ef433b4e0, 0x0000022ef433b9b0, 0x0000022ef433be80,
0x0000022ef54098e0, 0x0000022ef540a280, 0x0000022ef5404240, 0x0000022ef54063f0,
0x0000022ef5409db0
}

Java Threads: ( => current thread )
  0x0000022e94ab3a10 JavaThread "main" [_thread_blocked, id=9124, stack(0x000000c747300000,0x000000c747400000)]
  0x0000022ead23b5c0 JavaThread "Reference Handler" daemon [_thread_blocked, id=7720, stack(0x000000c747a00000,0x000000c747b00000)]
  0x0000022ead23cbd0 JavaThread "Finalizer" daemon [_thread_blocked, id=6132, stack(0x000000c747b00000,0x000000c747c00000)]
  0x0000022ead24c360 JavaThread "Signal Dispatcher" daemon [_thread_blocked, id=8892, stack(0x000000c747c00000,0x000000c747d00000)]
  0x0000022ead24df20 JavaThread "Attach Listener" daemon [_thread_blocked, id=4312, stack(0x000000c747d00000,0x000000c747e00000)]
  0x0000022ead2508e0 JavaThread "Service Thread" daemon [_thread_blocked, id=18720, stack(0x000000c747e00000,0x000000c747f00000)]
  0x0000022ead251290 JavaThread "Monitor Deflation Thread" daemon [_thread_blocked, id=5968, stack(0x000000c747f00000,0x000000c748000000)]
  0x0000022ead253d00 JavaThread "C1 CompilerThread0" daemon [_thread_blocked, id=4656, stack(0x000000c748000000,0x000000c748100000)]
  0x0000022ead398440 JavaThread "Sweeper thread" daemon [_thread_blocked, id=14220, stack(0x000000c748100000,0x000000c748200000)]
  0x0000022ead224210 JavaThread "Common-Cleaner" daemon [_thread_blocked, id=4764, stack(0x000000c748200000,0x000000c748300000)]
  0x0000022ead44ac60 JavaThread "C1 CompilerThread1" daemon [_thread_blocked, id=6980, stack(0x000000c748300000,0x000000c748400000)]
  0x0000022ead451190 JavaThread "C1 CompilerThread2" daemon [_thread_blocked, id=19204, stack(0x000000c748400000,0x000000c748500000)]
  0x0000022eada16f40 JavaThread "Monitor Ctrl-Break" daemon [_thread_in_native, id=17100, stack(0x000000c748500000,0x000000c748600000)]
  0x0000022eada17410 JavaThread "Notification Thread" daemon [_thread_blocked, id=19580, stack(0x000000c748600000,0x000000c748700000)]
  0x0000022eadba3a10 JavaThread "RMI TCP Accept-0" daemon [_thread_in_native, id=9288, stack(0x000000c748700000,0x000000c748800000)]
  0x0000022eade6af80 JavaThread "Thread-0" [_thread_blocked, id=4708, stack(0x000000c748f00000,0x000000c749000000)]
  0x0000022eade6b8d0 JavaThread "restartedMain" [_thread_blocked, id=5476, stack(0x000000c749000000,0x000000c749100000)]
  0x0000022ef35c58e0 JavaThread "RMI TCP Connection(1)-192.168.2.100" daemon [_thread_in_native, id=3428, stack(0x000000c749100000,0x000000c749200000)]
  0x0000022ef360de60 JavaThread "RMI Scheduler(0)" daemon [_thread_blocked, id=18400, stack(0x000000c749200000,0x000000c749300000)]
  0x0000022ef433a670 JavaThread "mysql-cj-abandoned-connection-cleanup" daemon [_thread_blocked, id=3636, stack(0x000000c749400000,0x000000c749500000)]
  0x0000022ef433c350 JavaThread "HikariPool-1 housekeeper" daemon [_thread_blocked, id=21068, stack(0x000000c749600000,0x000000c749700000)]
  0x0000022ef433ccf0 JavaThread "HikariPool-1 connection adder" daemon [_thread_blocked, id=9856, stack(0x000000c749700000,0x000000c749800000)]
  0x0000022ef433db60 JavaThread "Catalina-utility-1" [_thread_blocked, id=20800, stack(0x000000c749800000,0x000000c749900000)]
  0x0000022ef433c820 JavaThread "Catalina-utility-2" [_thread_blocked, id=2820, stack(0x000000c749900000,0x000000c749a00000)]
  0x0000022ef433d1c0 JavaThread "container-0" [_thread_blocked, id=20516, stack(0x000000c749a00000,0x000000c749b00000)]
  0x0000022ef433d690 JavaThread "ClassGraph-worker-72" daemon [_thread_blocked, id=19908, stack(0x000000c749b00000,0x000000c749c00000)]
  0x0000022ef433a1a0 JavaThread "ClassGraph-worker-73" daemon [_thread_blocked, id=21448, stack(0x000000c749c00000,0x000000c749d00000)]
  0x0000022ef433ab40 JavaThread "ClassGraph-worker-74" daemon [_thread_blocked, id=4776, stack(0x000000c749d00000,0x000000c749e00000)]
  0x0000022ef433b010 JavaThread "ClassGraph-worker-75" daemon [_thread_blocked, id=1592, stack(0x000000c749e00000,0x000000c749f00000)]
  0x0000022ef433b4e0 JavaThread "ClassGraph-worker-76" daemon [_thread_blocked, id=4004, stack(0x000000c749f00000,0x000000c74a000000)]
  0x0000022ef433b9b0 JavaThread "ClassGraph-worker-77" daemon [_thread_blocked, id=18676, stack(0x000000c74a000000,0x000000c74a100000)]
  0x0000022ef433be80 JavaThread "ClassGraph-worker-78" daemon [_thread_blocked, id=4248, stack(0x000000c74a100000,0x000000c74a200000)]
  0x0000022ef54098e0 JavaThread "ClassGraph-worker-79" daemon [_thread_blocked, id=8068, stack(0x000000c74a200000,0x000000c74a300000)]
  0x0000022ef540a280 JavaThread "ClassGraph-worker-80" daemon [_thread_blocked, id=16656, stack(0x000000c74a300000,0x000000c74a400000)]
  0x0000022ef5404240 JavaThread "ClassGraph-worker-81" daemon [_thread_blocked, id=6516, stack(0x000000c74a400000,0x000000c74a500000)]
  0x0000022ef54063f0 JavaThread "ClassGraph-worker-82" daemon [_thread_blocked, id=12972, stack(0x000000c74a500000,0x000000c74a600000)]
  0x0000022ef5409db0 JavaThread "ClassGraph-worker-83" daemon [_thread_blocked, id=148, stack(0x000000c74a600000,0x000000c74a700000)]

Other Threads:
=>0x0000022ead236970 VMThread "VM Thread" [stack: 0x000000c747900000,0x000000c747a00000] [id=14488]
  0x0000022eadb019c0 WatcherThread [stack: 0x000000c748800000,0x000000c748900000] [id=3188]
  0x0000022e94b1da90 GCTaskThread "GC Thread#0" [stack: 0x000000c747400000,0x000000c747500000] [id=20252]
  0x0000022eade0f7f0 GCTaskThread "GC Thread#1" [stack: 0x000000c748900000,0x000000c748a00000] [id=15528]
  0x0000022eaddf3420 GCTaskThread "GC Thread#2" [stack: 0x000000c748a00000,0x000000c748b00000] [id=21480]
  0x0000022eade24980 GCTaskThread "GC Thread#3" [stack: 0x000000c748b00000,0x000000c748c00000] [id=5876]
  0x0000022eade24c30 GCTaskThread "GC Thread#4" [stack: 0x000000c748c00000,0x000000c748d00000] [id=18216]
  0x0000022eade24ee0 GCTaskThread "GC Thread#5" [stack: 0x000000c748d00000,0x000000c748e00000] [id=20764]
  0x0000022e94b2e8e0 ConcurrentGCThread "G1 Main Marker" [stack: 0x000000c747500000,0x000000c747600000] [id=7716]
  0x0000022e94b2f2f0 ConcurrentGCThread "G1 Conc#0" [stack: 0x000000c747600000,0x000000c747700000] [id=15688]
  0x0000022ef3c1c870 ConcurrentGCThread "G1 Conc#1" [stack: 0x000000c749300000,0x000000c749400000] [id=16600]
  0x0000022e94b79600 ConcurrentGCThread "G1 Refine#0" [stack: 0x000000c747700000,0x000000c747800000] [id=21372]
  0x0000022eade17860 ConcurrentGCThread "G1 Refine#1" [stack: 0x000000c748e00000,0x000000c748f00000] [id=12532]
  0x0000022ead0f3240 ConcurrentGCThread "G1 Service" [stack: 0x000000c747800000,0x000000c747900000] [id=19020]

Threads with active compile tasks:

VM state: at safepoint (normal execution)

VM Mutex/Monitor currently owned by a thread:  ([mutex/lock_event])
[0x0000022e94aae540] Threads_lock - owner thread: 0x0000022ead236970
[0x0000022e94aae1e0] Heap_lock - owner thread: 0x0000022ef54098e0

Heap address: 0x0000000700e00000, size: 4082 MB, Compressed Oops mode: Zero based, Oop shift amount: 3

CDS archive(s) mapped at: [0x0000022eae000000-0x0000022eaebd0000-0x0000022eaebd0000), size 12386304, SharedBaseAddress: 0x0000022eae000000, ArchiveRelocationMode: 1.
Compressed class space mapped at: 0x0000022eaf000000-0x0000022eef000000, reserved size: 1073741824
Narrow klass base: 0x0000022eae000000, Narrow klass shift: 0, Narrow klass range: 0x100000000

GC Precious Log:
 CPUs: 6 total, 6 available
 Memory: 16323M
 Large Page Support: Disabled
 NUMA Support: Disabled
 Compressed Oops: Enabled (Zero based)
 Heap Region Size: 2M
 Heap Min Capacity: 8M
 Heap Initial Capacity: 256M
 Heap Max Capacity: 4082M
 Pre-touch: Disabled
 Parallel Workers: 6
 Concurrent Workers: 2
 Concurrent Refinement Workers: 6
 Periodic GC: Disabled

Heap:
 garbage-first heap   total 120832K, used 59808K [0x0000000700e00000, 0x0000000800000000)
  region size 2048K, 1 young (2048K), 1 survivors (2048K)
 Metaspace       used 70448K, committed 71040K, reserved 1114112K
  class space    used 10223K, committed 10496K, reserved 1048576K

Heap Regions: E=young(eden), S=young(survivor), O=old, HS=humongous(starts), HC=humongous(continues), CS=collection set, F=free, OA=open archive, CA=closed archive, TAMS=top-at-mark-start (previous, next)
|   0|0x0000000700e00000, 0x0000000701000000, 0x0000000701000000|100%| O|  |TAMS 0x0000000701000000, 0x0000000700e00000| Untracked 
|   1|0x0000000701000000, 0x0000000701200000, 0x0000000701200000|100%| O|  |TAMS 0x0000000701200000, 0x0000000701000000| Untracked 
|   2|0x0000000701200000, 0x0000000701400000, 0x0000000701400000|100%| O|  |TAMS 0x0000000701400000, 0x0000000701200000| Untracked 
|   3|0x0000000701400000, 0x0000000701600000, 0x0000000701600000|100%| O|  |TAMS 0x0000000701600000, 0x0000000701400000| Untracked 
|   4|0x0000000701600000, 0x0000000701800000, 0x0000000701800000|100%| O|  |TAMS 0x0000000701800000, 0x0000000701600000| Untracked 
|   5|0x0000000701800000, 0x0000000701a00000, 0x0000000701a00000|100%| O|  |TAMS 0x0000000701a00000, 0x0000000701800000| Untracked 
|   6|0x0000000701a00000, 0x0000000701c00000, 0x0000000701c00000|100%| O|  |TAMS 0x0000000701c00000, 0x0000000701a00000| Untracked 
|   7|0x0000000701c00000, 0x0000000701e00000, 0x0000000701e00000|100%| O|  |TAMS 0x0000000701e00000, 0x0000000701c00000| Untracked 
|   8|0x0000000701e00000, 0x0000000702000000, 0x0000000702000000|100%| O|  |TAMS 0x0000000702000000, 0x0000000701e00000| Untracked 
|   9|0x0000000702000000, 0x0000000702200000, 0x0000000702200000|100%| O|  |TAMS 0x0000000702200000, 0x0000000702000000| Untracked 
|  10|0x0000000702200000, 0x0000000702400000, 0x0000000702400000|100%| O|  |TAMS 0x0000000702400000, 0x0000000702200000| Untracked 
|  11|0x0000000702400000, 0x0000000702600000, 0x0000000702600000|100%| O|  |TAMS 0x0000000702600000, 0x0000000702400000| Untracked 
|  12|0x0000000702600000, 0x0000000702800000, 0x0000000702800000|100%| O|  |TAMS 0x0000000702800000, 0x0000000702600000| Untracked 
|  13|0x0000000702800000, 0x0000000702a00000, 0x0000000702a00000|100%| O|  |TAMS 0x0000000702a00000, 0x0000000702800000| Untracked 
|  14|0x0000000702a00000, 0x0000000702c00000, 0x0000000702c00000|100%| O|  |TAMS 0x0000000702c00000, 0x0000000702a00000| Untracked 
|  15|0x0000000702c00000, 0x0000000702e00000, 0x0000000702e00000|100%| O|  |TAMS 0x0000000702e00000, 0x0000000702c00000| Untracked 
|  16|0x0000000702e00000, 0x0000000703000000, 0x0000000703000000|100%| O|  |TAMS 0x0000000703000000, 0x0000000702e00000| Untracked 
|  17|0x0000000703000000, 0x0000000703200000, 0x0000000703200000|100%| O|  |TAMS 0x0000000703200000, 0x0000000703000000| Untracked 
|  18|0x0000000703200000, 0x0000000703200000, 0x0000000703400000|  0%| F|  |TAMS 0x0000000703200000, 0x0000000703200000| Untracked 
|  19|0x0000000703400000, 0x0000000703400000, 0x0000000703600000|  0%| F|  |TAMS 0x0000000703400000, 0x0000000703400000| Untracked 
|  20|0x0000000703600000, 0x0000000703800000, 0x0000000703800000|100%| O|  |TAMS 0x0000000703800000, 0x0000000703600000| Untracked 
|  21|0x0000000703800000, 0x0000000703a00000, 0x0000000703a00000|100%| O|  |TAMS 0x0000000703a00000, 0x0000000703800000| Untracked 
|  22|0x0000000703a00000, 0x0000000703a00000, 0x0000000703c00000|  0%| F|  |TAMS 0x0000000703a00000, 0x0000000703a00000| Untracked 
|  23|0x0000000703c00000, 0x0000000703c00000, 0x0000000703e00000|  0%| F|  |TAMS 0x0000000703c00000, 0x0000000703c00000| Untracked 
|  24|0x0000000703e00000, 0x0000000704000000, 0x0000000704000000|100%| O|  |TAMS 0x0000000703e44a00, 0x0000000703e00000| Untracked 
|  25|0x0000000704000000, 0x0000000704200000, 0x0000000704200000|100%| O|  |TAMS 0x0000000704000000, 0x0000000704000000| Untracked 
|  26|0x0000000704200000, 0x0000000704400000, 0x0000000704400000|100%| O|  |TAMS 0x0000000704200000, 0x0000000704200000| Untracked 
|  27|0x0000000704400000, 0x0000000704600000, 0x0000000704600000|100%| O|  |TAMS 0x0000000704400000, 0x0000000704400000| Untracked 
|  28|0x0000000704600000, 0x0000000704800000, 0x0000000704800000|100%| O|  |TAMS 0x0000000704600000, 0x0000000704600000| Untracked 
|  29|0x0000000704800000, 0x0000000704a00000, 0x0000000704a00000|100%| O|  |TAMS 0x0000000704800000, 0x0000000704800000| Untracked 
|  30|0x0000000704a00000, 0x0000000704c00000, 0x0000000704c00000|100%| O|  |TAMS 0x0000000704a00000, 0x0000000704a00000| Untracked 
|  31|0x0000000704c00000, 0x0000000704e00000, 0x0000000704e00000|100%| O|  |TAMS 0x0000000704c00000, 0x0000000704c00000| Untracked 
|  32|0x0000000704e00000, 0x0000000704f47000, 0x0000000705000000| 63%| O|  |TAMS 0x0000000704e00000, 0x0000000704e00000| Untracked 
|  33|0x0000000705000000, 0x0000000705000000, 0x0000000705200000|  0%| F|  |TAMS 0x0000000705000000, 0x0000000705000000| Untracked 
|  34|0x0000000705200000, 0x0000000705200000, 0x0000000705400000|  0%| F|  |TAMS 0x0000000705200000, 0x0000000705200000| Untracked 
|  35|0x0000000705400000, 0x0000000705400000, 0x0000000705600000|  0%| F|  |TAMS 0x0000000705400000, 0x0000000705400000| Untracked 
|  36|0x0000000705600000, 0x0000000705600000, 0x0000000705800000|  0%| F|  |TAMS 0x0000000705600000, 0x0000000705600000| Untracked 
|  37|0x0000000705800000, 0x0000000705800000, 0x0000000705a00000|  0%| F|  |TAMS 0x0000000705800000, 0x0000000705800000| Untracked 
|  38|0x0000000705a00000, 0x0000000705a00000, 0x0000000705c00000|  0%| F|  |TAMS 0x0000000705a00000, 0x0000000705a00000| Untracked 
|  39|0x0000000705c00000, 0x0000000705c00000, 0x0000000705e00000|  0%| F|  |TAMS 0x0000000705c00000, 0x0000000705c00000| Untracked 
|  40|0x0000000705e00000, 0x0000000705e00000, 0x0000000706000000|  0%| F|  |TAMS 0x0000000705e00000, 0x0000000705e00000| Untracked 
|  41|0x0000000706000000, 0x0000000706000000, 0x0000000706200000|  0%| F|  |TAMS 0x0000000706000000, 0x0000000706000000| Untracked 
|  42|0x0000000706200000, 0x0000000706200000, 0x0000000706400000|  0%| F|  |TAMS 0x0000000706200000, 0x0000000706200000| Untracked 
|  43|0x0000000706400000, 0x0000000706400000, 0x0000000706600000|  0%| F|  |TAMS 0x0000000706400000, 0x0000000706400000| Untracked 
|  44|0x0000000706600000, 0x0000000706600000, 0x0000000706800000|  0%| F|  |TAMS 0x0000000706600000, 0x0000000706600000| Untracked 
|  45|0x0000000706800000, 0x0000000706800000, 0x0000000706a00000|  0%| F|  |TAMS 0x0000000706800000, 0x0000000706800000| Untracked 
|  46|0x0000000706a00000, 0x0000000706a00000, 0x0000000706c00000|  0%| F|  |TAMS 0x0000000706a00000, 0x0000000706a00000| Untracked 
|  47|0x0000000706c00000, 0x0000000706c00000, 0x0000000706e00000|  0%| F|  |TAMS 0x0000000706c00000, 0x0000000706c00000| Untracked 
|  48|0x0000000706e00000, 0x0000000706e00000, 0x0000000707000000|  0%| F|  |TAMS 0x0000000706e00000, 0x0000000706e00000| Untracked 
|  49|0x0000000707000000, 0x0000000707000000, 0x0000000707200000|  0%| F|  |TAMS 0x0000000707000000, 0x0000000707000000| Untracked 
|  50|0x0000000707200000, 0x0000000707200000, 0x0000000707400000|  0%| F|  |TAMS 0x0000000707200000, 0x0000000707200000| Untracked 
|  51|0x0000000707400000, 0x0000000707400000, 0x0000000707600000|  0%| F|  |TAMS 0x0000000707400000, 0x0000000707400000| Untracked 
|  52|0x0000000707600000, 0x0000000707600000, 0x0000000707800000|  0%| F|  |TAMS 0x0000000707600000, 0x0000000707600000| Untracked 
|  53|0x0000000707800000, 0x0000000707800000, 0x0000000707a00000|  0%| F|  |TAMS 0x0000000707800000, 0x0000000707800000| Untracked 
|  54|0x0000000707a00000, 0x0000000707a00000, 0x0000000707c00000|  0%| F|  |TAMS 0x0000000707a00000, 0x0000000707a00000| Untracked 
|  55|0x0000000707c00000, 0x0000000707c00000, 0x0000000707e00000|  0%| F|  |TAMS 0x0000000707c00000, 0x0000000707c00000| Untracked 
|  56|0x0000000707e00000, 0x0000000707e00000, 0x0000000708000000|  0%| F|  |TAMS 0x0000000707e00000, 0x0000000707e00000| Untracked 
|  57|0x0000000708000000, 0x0000000708121098, 0x0000000708200000| 56%| S|CS|TAMS 0x0000000708000000, 0x0000000708000000| Complete 
| 127|0x0000000710c00000, 0x0000000710c00000, 0x0000000710e00000|  0%| F|  |TAMS 0x0000000710c00000, 0x0000000710c00000| Untracked 

Card table byte_map: [0x0000022ea19e0000,0x0000022ea21e0000] _byte_map_base: 0x0000022e9e1d9000

Marking Bits (Prev, Next): (CMBitMap*) 0x0000022e94b1e0a0, (CMBitMap*) 0x0000022e94b1e0e0
 Prev Bits: [0x0000022ea29e0000, 0x0000022ea69a8000)
 Next Bits: [0x0000022ea69b0000, 0x0000022eaa978000)

Polling page: 0x0000022e94b80000

Metaspace:

Usage:
  Non-class:     58.81 MB used.
      Class:      9.98 MB used.
       Both:     68.80 MB used.

Virtual space:
  Non-class space:       64.00 MB reserved,      59.12 MB ( 92%) committed,  1 nodes.
      Class space:        1.00 GB reserved,      10.25 MB (  1%) committed,  1 nodes.
             Both:        1.06 GB reserved,      69.38 MB (  6%) committed. 

Chunk freelists:
   Non-Class:  4.02 MB
       Class:  5.79 MB
        Both:  9.81 MB

MaxMetaspaceSize: unlimited
CompressedClassSpaceSize: 1.00 GB
Initial GC threshold: 21.00 MB
Current GC threshold: 115.62 MB
CDS: on
MetaspaceReclaimPolicy: balanced
 - commit_granule_bytes: 65536.
 - commit_granule_words: 8192.
 - virtual_space_node_default_size: 8388608.
 - enlarge_chunks_in_place: 1.
 - new_chunks_are_fully_committed: 0.
 - uncommit_free_chunks: 1.
 - use_allocation_guard: 0.
 - handle_deallocations: 1.


Internal statistics:

num_allocs_failed_limit: 9.
num_arena_births: 872.
num_arena_deaths: 12.
num_vsnodes_births: 2.
num_vsnodes_deaths: 0.
num_space_committed: 1110.
num_space_uncommitted: 0.
num_chunks_returned_to_freelist: 27.
num_chunks_taken_from_freelist: 3378.
num_chunk_merges: 8.
num_chunk_splits: 2464.
num_chunks_enlarged: 1895.
num_purges: 2.
num_inconsistent_stats: 0.

CodeCache: size=49152Kb used=13714Kb max_used=13714Kb free=35437Kb
 bounds [0x0000022e9db20000, 0x0000022e9e890000, 0x0000022ea0b20000]
 total_blobs=7604 nmethods=6911 adapters=617
 compilation: enabled
              stopped_count=0, restarted_count=0
 full_count=0

Compilation events (20 events):
Event: 6.402 Thread 0x0000022ead253d00 6903       1       nonapi.io.github.classgraph.fileslice.Slice$1::<init> (44 bytes)
Event: 6.402 Thread 0x0000022ead451190 nmethod 6901 0x0000022e9e877b10 code [0x0000022e9e877ce0, 0x0000022e9e878118]
Event: 6.402 Thread 0x0000022ead451190 6904       1       nonapi.io.github.classgraph.fastzipfilereader.NestedJarHandler::openInflaterInputStream (10 bytes)
Event: 6.403 Thread 0x0000022ead451190 nmethod 6904 0x0000022e9e878290 code [0x0000022e9e878420, 0x0000022e9e878588]
Event: 6.403 Thread 0x0000022ead253d00 nmethod 6903 0x0000022e9e878610 code [0x0000022e9e8787c0, 0x0000022e9e878ba8]
Event: 6.403 Thread 0x0000022ead451190 6905       1       java.util.concurrent.ThreadPoolExecutor$Worker::tryAcquire (20 bytes)
Event: 6.403 Thread 0x0000022ead253d00 6906   !   1       nonapi.io.github.classgraph.fileslice.FileSlice::load (178 bytes)
Event: 6.403 Thread 0x0000022ead451190 nmethod 6905 0x0000022e9e878c90 code [0x0000022e9e878e20, 0x0000022e9e878f98]
Event: 6.403 Thread 0x0000022ead451190 6908   !   1       nonapi.io.github.classgraph.fastzipfilereader.NestedJarHandler::readAllBytesAsArray (263 bytes)
Event: 6.403 Thread 0x0000022ead253d00 nmethod 6906 0x0000022e9e879010 code [0x0000022e9e879260, 0x0000022e9e8799d8]
Event: 6.403 Thread 0x0000022ead253d00 6907       1       nonapi.io.github.classgraph.fileslice.Slice::open (6 bytes)
Event: 6.403 Thread 0x0000022ead253d00 nmethod 6907 0x0000022e9e879e10 code [0x0000022e9e879fc0, 0x0000022e9e87a218]
Event: 6.403 Thread 0x0000022ead253d00 6909       1       nonapi.io.github.classgraph.fastzipfilereader.NestedJarHandler$8::read (60 bytes)
Event: 6.404 Thread 0x0000022ead451190 nmethod 6908 0x0000022e9e87a390 code [0x0000022e9e87a5e0, 0x0000022e9e87af98]
Event: 6.404 Thread 0x0000022ead451190 6910       1       nonapi.io.github.classgraph.fastzipfilereader.ZipFileSlice::appendPath (39 bytes)
Event: 6.404 Thread 0x0000022ead451190 nmethod 6910 0x0000022e9e87b590 code [0x0000022e9e87b740, 0x0000022e9e87b8c8]
Event: 6.404 Thread 0x0000022ead253d00 nmethod 6909 0x0000022e9e87ba10 code [0x0000022e9e87bbe0, 0x0000022e9e87bf38]
Event: 6.406 Thread 0x0000022ead44ac60 nmethod 6893 0x0000022e9e87c110 code [0x0000022e9e87cd00, 0x0000022e9e881808]
Event: 6.410 Thread 0x0000022ead44ac60 6911       1       java.nio.DirectByteBuffer::cleaner (5 bytes)
Event: 6.410 Thread 0x0000022ead44ac60 nmethod 6911 0x0000022e9e884590 code [0x0000022e9e884720, 0x0000022e9e8847f8]

GC Heap History (20 events):
Event: 5.016 GC heap after
{Heap after GC invocations=14 (full 0):
 garbage-first heap   total 81920K, used 26231K [0x0000000700e00000, 0x0000000800000000)
  region size 2048K, 1 young (2048K), 1 survivors (2048K)
 Metaspace       used 57786K, committed 58304K, reserved 1114112K
  class space    used 8193K, committed 8448K, reserved 1048576K
}
Event: 5.150 GC heap before
{Heap before GC invocations=14 (full 0):
 garbage-first heap   total 81920K, used 40567K [0x0000000700e00000, 0x0000000800000000)
  region size 2048K, 9 young (18432K), 1 survivors (2048K)
 Metaspace       used 59684K, committed 60288K, reserved 1114112K
  class space    used 8466K, committed 8768K, reserved 1048576K
}
Event: 5.152 GC heap after
{Heap after GC invocations=15 (full 0):
 garbage-first heap   total 81920K, used 27006K [0x0000000700e00000, 0x0000000800000000)
  region size 2048K, 2 young (4096K), 2 survivors (4096K)
 Metaspace       used 59684K, committed 60288K, reserved 1114112K
  class space    used 8466K, committed 8768K, reserved 1048576K
}
Event: 5.536 GC heap before
{Heap before GC invocations=16 (full 0):
 garbage-first heap   total 81920K, used 63870K [0x0000000700e00000, 0x0000000800000000)
  region size 2048K, 20 young (40960K), 2 survivors (4096K)
 Metaspace       used 65507K, committed 66048K, reserved 1114112K
  class space    used 9542K, committed 9792K, reserved 1048576K
}
Event: 5.540 GC heap after
{Heap after GC invocations=17 (full 0):
 garbage-first heap   total 81920K, used 29735K [0x0000000700e00000, 0x0000000800000000)
  region size 2048K, 3 young (6144K), 3 survivors (6144K)
 Metaspace       used 65507K, committed 66048K, reserved 1114112K
  class space    used 9542K, committed 9792K, reserved 1048576K
}
Event: 5.803 GC heap before
{Heap before GC invocations=17 (full 0):
 garbage-first heap   total 81920K, used 64551K [0x0000000700e00000, 0x0000000800000000)
  region size 2048K, 20 young (40960K), 3 survivors (6144K)
 Metaspace       used 67309K, committed 67904K, reserved 1114112K
  class space    used 9801K, committed 10048K, reserved 1048576K
}
Event: 5.806 GC heap after
{Heap after GC invocations=18 (full 0):
 garbage-first heap   total 81920K, used 31782K [0x0000000700e00000, 0x0000000800000000)
  region size 2048K, 3 young (6144K), 3 survivors (6144K)
 Metaspace       used 67309K, committed 67904K, reserved 1114112K
  class space    used 9801K, committed 10048K, reserved 1048576K
}
Event: 5.935 GC heap before
{Heap before GC invocations=18 (full 0):
 garbage-first heap   total 81920K, used 62502K [0x0000000700e00000, 0x0000000800000000)
  region size 2048K, 18 young (36864K), 3 survivors (6144K)
 Metaspace       used 68067K, committed 68672K, reserved 1114112K
  class space    used 9907K, committed 10176K, reserved 1048576K
}
Event: 5.938 GC heap after
{Heap after GC invocations=19 (full 0):
 garbage-first heap   total 81920K, used 32752K [0x0000000700e00000, 0x0000000800000000)
  region size 2048K, 2 young (4096K), 2 survivors (4096K)
 Metaspace       used 68067K, committed 68672K, reserved 1114112K
  class space    used 9907K, committed 10176K, reserved 1048576K
}
Event: 6.167 GC heap before
{Heap before GC invocations=19 (full 0):
 garbage-first heap   total 81920K, used 65520K [0x0000000700e00000, 0x0000000800000000)
  region size 2048K, 18 young (36864K), 2 survivors (4096K)
 Metaspace       used 70372K, committed 70976K, reserved 1114112K
  class space    used 10213K, committed 10496K, reserved 1048576K
}
Event: 6.170 GC heap after
{Heap after GC invocations=20 (full 0):
 garbage-first heap   total 102400K, used 37443K [0x0000000700e00000, 0x0000000800000000)
  region size 2048K, 3 young (6144K), 3 survivors (6144K)
 Metaspace       used 70372K, committed 70976K, reserved 1114112K
  class space    used 10213K, committed 10496K, reserved 1048576K
}
Event: 6.275 GC heap before
{Heap before GC invocations=20 (full 0):
 garbage-first heap   total 102400K, used 78403K [0x0000000700e00000, 0x0000000800000000)
  region size 2048K, 24 young (49152K), 3 survivors (6144K)
 Metaspace       used 70468K, committed 71040K, reserved 1114112K
  class space    used 10226K, committed 10496K, reserved 1048576K
}
Event: 6.282 GC heap after
{Heap after GC invocations=21 (full 0):
 garbage-first heap   total 102400K, used 48139K [0x0000000700e00000, 0x0000000800000000)
  region size 2048K, 3 young (6144K), 3 survivors (6144K)
 Metaspace       used 70468K, committed 71040K, reserved 1114112K
  class space    used 10226K, committed 10496K, reserved 1048576K
}
Event: 6.343 GC heap before
{Heap before GC invocations=21 (full 0):
 garbage-first heap   total 102400K, used 74763K [0x0000000700e00000, 0x0000000800000000)
  region size 2048K, 17 young (34816K), 3 survivors (6144K)
 Metaspace       used 70468K, committed 71040K, reserved 1114112K
  class space    used 10226K, committed 10496K, reserved 1048576K
}
Event: 6.348 GC heap after
{Heap after GC invocations=22 (full 0):
 garbage-first heap   total 102400K, used 55570K [0x0000000700e00000, 0x0000000800000000)
  region size 2048K, 3 young (6144K), 3 survivors (6144K)
 Metaspace       used 70468K, committed 71040K, reserved 1114112K
  class space    used 10226K, committed 10496K, reserved 1048576K
}
Event: 6.397 GC heap before
{Heap before GC invocations=22 (full 0):
 garbage-first heap   total 102400K, used 74002K [0x0000000700e00000, 0x0000000800000000)
  region size 2048K, 13 young (26624K), 3 survivors (6144K)
 Metaspace       used 70468K, committed 71040K, reserved 1114112K
  class space    used 10226K, committed 10496K, reserved 1048576K
}
Event: 6.402 GC heap after
{Heap after GC invocations=23 (full 0):
 garbage-first heap   total 102400K, used 61255K [0x0000000700e00000, 0x0000000800000000)
  region size 2048K, 2 young (4096K), 2 survivors (4096K)
 Metaspace       used 70468K, committed 71040K, reserved 1114112K
  class space    used 10226K, committed 10496K, reserved 1048576K
}
Event: 6.458 GC heap before
{Heap before GC invocations=24 (full 0):
 garbage-first heap   total 120832K, used 77639K [0x0000000700e00000, 0x0000000800000000)
  region size 2048K, 11 young (22528K), 2 survivors (4096K)
 Metaspace       used 70448K, committed 71040K, reserved 1114112K
  class space    used 10223K, committed 10496K, reserved 1048576K
}
Event: 6.461 GC heap after
{Heap after GC invocations=25 (full 0):
 garbage-first heap   total 120832K, used 66239K [0x0000000700e00000, 0x0000000800000000)
  region size 2048K, 2 young (4096K), 2 survivors (4096K)
 Metaspace       used 70448K, committed 71040K, reserved 1114112K
  class space    used 10223K, committed 10496K, reserved 1048576K
}
Event: 6.464 GC heap before
{Heap before GC invocations=25 (full 0):
 garbage-first heap   total 120832K, used 66239K [0x0000000700e00000, 0x0000000800000000)
  region size 2048K, 3 young (6144K), 2 survivors (4096K)
 Metaspace       used 70448K, committed 71040K, reserved 1114112K
  class space    used 10223K, committed 10496K, reserved 1048576K
}

Deoptimization events (16 events):
Event: 1.261 Thread 0x0000022eade6b8d0 DEOPT PACKING pc=0x0000022e9e07bcf9 sp=0x000000c7490fc9a0
Event: 1.261 Thread 0x0000022eade6b8d0 DEOPT UNPACKING pc=0x0000022e9db72b43 sp=0x000000c7490fbe80 mode 3
Event: 1.368 Thread 0x0000022eade6b8d0 DEOPT PACKING pc=0x0000022e9df26c25 sp=0x000000c7490fd420
Event: 1.368 Thread 0x0000022eade6b8d0 DEOPT UNPACKING pc=0x0000022e9db72b43 sp=0x000000c7490fc988 mode 3
Event: 1.414 Thread 0x0000022eade6b8d0 DEOPT PACKING pc=0x0000022e9e0cd4d5 sp=0x000000c7490fd060
Event: 1.414 Thread 0x0000022eade6b8d0 DEOPT UNPACKING pc=0x0000022e9db72b43 sp=0x000000c7490fc508 mode 3
Event: 2.465 Thread 0x0000022eade6b8d0 DEOPT PACKING pc=0x0000022e9e2feef9 sp=0x000000c7490fd520
Event: 2.465 Thread 0x0000022eade6b8d0 DEOPT UNPACKING pc=0x0000022e9db72b43 sp=0x000000c7490fca08 mode 3
Event: 3.781 Thread 0x0000022ef433c350 DEOPT PACKING pc=0x0000022e9dffec9f sp=0x000000c7496fee30
Event: 3.781 Thread 0x0000022ef433c350 DEOPT UNPACKING pc=0x0000022e9db72b43 sp=0x000000c7496fe288 mode 3
Event: 5.094 Thread 0x0000022eade6b8d0 DEOPT PACKING pc=0x0000022e9e099c54 sp=0x000000c7490f9f40
Event: 5.094 Thread 0x0000022eade6b8d0 DEOPT UNPACKING pc=0x0000022e9db72b43 sp=0x000000c7490f9498 mode 0
Event: 5.463 Thread 0x0000022eade6b8d0 DEOPT PACKING pc=0x0000022e9e0c1bd2 sp=0x000000c7490f8270
Event: 5.463 Thread 0x0000022eade6b8d0 DEOPT UNPACKING pc=0x0000022e9db72b43 sp=0x000000c7490f7778 mode 3
Event: 6.113 Thread 0x0000022eade6b8d0 DEOPT PACKING pc=0x0000022e9e79c393 sp=0x000000c7490f95f0
Event: 6.113 Thread 0x0000022eade6b8d0 DEOPT UNPACKING pc=0x0000022e9db72b43 sp=0x000000c7490f8b38 mode 3

Classes unloaded (6 events):
Event: 6.432 Thread 0x0000022ead236970 Unloading class 0x0000022eaf9e8000 'jdk/internal/reflect/GeneratedSerializationConstructorAccessor23'
Event: 6.432 Thread 0x0000022ead236970 Unloading class 0x0000022eaf9dd000 'jdk/internal/reflect/GeneratedSerializationConstructorAccessor22'
Event: 6.432 Thread 0x0000022ead236970 Unloading class 0x0000022eaf9dc000 'jdk/internal/reflect/GeneratedSerializationConstructorAccessor21'
Event: 6.432 Thread 0x0000022ead236970 Unloading class 0x0000022eaf9c9400 'jdk/internal/reflect/GeneratedSerializationConstructorAccessor20'
Event: 6.432 Thread 0x0000022ead236970 Unloading class 0x0000022eaf9c9000 'jdk/internal/reflect/GeneratedSerializationConstructorAccessor19'
Event: 6.432 Thread 0x0000022ead236970 Unloading class 0x0000022eaf9bc000 'jdk/internal/reflect/GeneratedSerializationConstructorAccessor18'

Classes redefined (0 events):
No events

Internal exceptions (20 events):
Event: 6.376 Thread 0x0000022ef433d690 Exception <a 'sun/nio/fs/WindowsException'{0x0000000706aeb650}> (0x0000000706aeb650) 
thrown [s\open\src\hotspot\share\prims\jni.cpp, line 516]
Event: 6.376 Thread 0x0000022ef433d690 Exception <a 'sun/nio/fs/WindowsException'{0x0000000706aeb980}> (0x0000000706aeb980) 
thrown [s\open\src\hotspot\share\prims\jni.cpp, line 516]
Event: 6.376 Thread 0x0000022ef433d690 Exception <a 'sun/nio/fs/WindowsException'{0x0000000706aec328}> (0x0000000706aec328) 
thrown [s\open\src\hotspot\share\prims\jni.cpp, line 516]
Event: 6.376 Thread 0x0000022ef433d690 Exception <a 'sun/nio/fs/WindowsException'{0x0000000706aec698}> (0x0000000706aec698) 
thrown [s\open\src\hotspot\share\prims\jni.cpp, line 516]
Event: 6.376 Thread 0x0000022ef433d690 Exception <a 'sun/nio/fs/WindowsException'{0x0000000706aed018}> (0x0000000706aed018) 
thrown [s\open\src\hotspot\share\prims\jni.cpp, line 516]
Event: 6.376 Thread 0x0000022ef433d690 Exception <a 'sun/nio/fs/WindowsException'{0x0000000706aed358}> (0x0000000706aed358) 
thrown [s\open\src\hotspot\share\prims\jni.cpp, line 516]
Event: 6.376 Thread 0x0000022ef433d690 Exception <a 'sun/nio/fs/WindowsException'{0x0000000706aedcb0}> (0x0000000706aedcb0) 
thrown [s\open\src\hotspot\share\prims\jni.cpp, line 516]
Event: 6.376 Thread 0x0000022ef433d690 Exception <a 'sun/nio/fs/WindowsException'{0x0000000706aedfb0}> (0x0000000706aedfb0) 
thrown [s\open\src\hotspot\share\prims\jni.cpp, line 516]
Event: 6.376 Thread 0x0000022ef433d690 Exception <a 'sun/nio/fs/WindowsException'{0x0000000706aee918}> (0x0000000706aee918) 
thrown [s\open\src\hotspot\share\prims\jni.cpp, line 516]
Event: 6.376 Thread 0x0000022ef433d690 Exception <a 'sun/nio/fs/WindowsException'{0x0000000706aeec38}> (0x0000000706aeec38) 
thrown [s\open\src\hotspot\share\prims\jni.cpp, line 516]
Event: 6.376 Thread 0x0000022ef433d690 Exception <a 'sun/nio/fs/WindowsException'{0x0000000706aef590}> (0x0000000706aef590) 
thrown [s\open\src\hotspot\share\prims\jni.cpp, line 516]
Event: 6.376 Thread 0x0000022ef433d690 Exception <a 'sun/nio/fs/WindowsException'{0x0000000706aef8a0}> (0x0000000706aef8a0) 
thrown [s\open\src\hotspot\share\prims\jni.cpp, line 516]
Event: 6.376 Thread 0x0000022ef433d690 Exception <a 'sun/nio/fs/WindowsException'{0x0000000706af0208}> (0x0000000706af0208) 
thrown [s\open\src\hotspot\share\prims\jni.cpp, line 516]
Event: 6.376 Thread 0x0000022ef433d690 Exception <a 'sun/nio/fs/WindowsException'{0x0000000706af0528}> (0x0000000706af0528) 
thrown [s\open\src\hotspot\share\prims\jni.cpp, line 516]
Event: 6.376 Thread 0x0000022ef433d690 Exception <a 'sun/nio/fs/WindowsException'{0x0000000706af0ea8}> (0x0000000706af0ea8) 
thrown [s\open\src\hotspot\share\prims\jni.cpp, line 516]
Event: 6.376 Thread 0x0000022ef433d690 Exception <a 'sun/nio/fs/WindowsException'{0x0000000706af11e8}> (0x0000000706af11e8) 
thrown [s\open\src\hotspot\share\prims\jni.cpp, line 516]
Event: 6.376 Thread 0x0000022ef433d690 Exception <a 'sun/nio/fs/WindowsException'{0x0000000706af1b80}> (0x0000000706af1b80) 
thrown [s\open\src\hotspot\share\prims\jni.cpp, line 516]
Event: 6.376 Thread 0x0000022ef433d690 Exception <a 'sun/nio/fs/WindowsException'{0x0000000706af1ed8}> (0x0000000706af1ed8) 
thrown [s\open\src\hotspot\share\prims\jni.cpp, line 516]
Event: 6.376 Thread 0x0000022ef433d690 Exception <a 'sun/nio/fs/WindowsException'{0x0000000706af2868}> (0x0000000706af2868) 
thrown [s\open\src\hotspot\share\prims\jni.cpp, line 516]
Event: 6.376 Thread 0x0000022ef433d690 Exception <a 'sun/nio/fs/WindowsException'{0x0000000706af2bb8}> (0x0000000706af2bb8) 
thrown [s\open\src\hotspot\share\prims\jni.cpp, line 516]

VM Operations (20 events):
Event: 6.033 Executing VM operation: HandshakeAllThreads done
Event: 6.033 Executing VM operation: HandshakeAllThreads
Event: 6.033 Executing VM operation: HandshakeAllThreads done
Event: 6.166 Executing VM operation: G1CollectForAllocation
Event: 6.171 Executing VM operation: G1CollectForAllocation done
Event: 6.233 Executing VM operation: HandshakeAllThreads
Event: 6.233 Executing VM operation: HandshakeAllThreads done
Event: 6.275 Executing VM operation: G1CollectForAllocation
Event: 6.283 Executing VM operation: G1CollectForAllocation done
Event: 6.343 Executing VM operation: G1CollectForAllocation
Event: 6.348 Executing VM operation: G1CollectForAllocation done
Event: 6.397 Executing VM operation: G1CollectForAllocation
Event: 6.405 Executing VM operation: G1CollectForAllocation done
Event: 6.432 Executing VM operation: G1Concurrent
Event: 6.439 Executing VM operation: G1Concurrent done
Event: 6.452 Executing VM operation: G1Concurrent
Event: 6.452 Executing VM operation: G1Concurrent done
Event: 6.458 Executing VM operation: G1CollectForAllocation
Event: 6.462 Executing VM operation: G1CollectForAllocation done
Event: 6.464 Executing VM operation: G1CollectForAllocation

Events (20 events):
Event: 6.363 Thread 0x0000022ef5407730 Thread exited: 0x0000022ef5407730
Event: 6.363 Thread 0x0000022ef433b010 Thread exited: 0x0000022ef433b010
Event: 6.363 Thread 0x0000022ef5404be0 Thread exited: 0x0000022ef5404be0
Event: 6.363 Thread 0x0000022ef5404240 Thread exited: 0x0000022ef5404240
Event: 6.363 Thread 0x0000022ef5404710 Thread exited: 0x0000022ef5404710
Event: 6.363 Thread 0x0000022ef433be80 Thread exited: 0x0000022ef433be80
Event: 6.363 Thread 0x0000022ef433ab40 Thread exited: 0x0000022ef433ab40
Event: 6.363 Thread 0x0000022ef433a1a0 Thread exited: 0x0000022ef433a1a0
Event: 6.374 Thread 0x0000022ef433d690 Thread added: 0x0000022ef433d690
Event: 6.374 Thread 0x0000022ef433a1a0 Thread added: 0x0000022ef433a1a0
Event: 6.374 Thread 0x0000022ef433ab40 Thread added: 0x0000022ef433ab40
Event: 6.374 Thread 0x0000022ef433b010 Thread added: 0x0000022ef433b010
Event: 6.374 Thread 0x0000022ef433b4e0 Thread added: 0x0000022ef433b4e0
Event: 6.375 Thread 0x0000022ef433b9b0 Thread added: 0x0000022ef433b9b0
Event: 6.375 Thread 0x0000022ef433be80 Thread added: 0x0000022ef433be80
Event: 6.375 Thread 0x0000022ef54098e0 Thread added: 0x0000022ef54098e0
Event: 6.375 Thread 0x0000022ef540a280 Thread added: 0x0000022ef540a280
Event: 6.375 Thread 0x0000022ef5404240 Thread added: 0x0000022ef5404240
Event: 6.375 Thread 0x0000022ef54063f0 Thread added: 0x0000022ef54063f0
Event: 6.375 Thread 0x0000022ef5409db0 Thread added: 0x0000022ef5409db0


Dynamic libraries:
0x00007ff6b81c0000 - 0x00007ff6b81d0000 	C:\Program Files\Java\jdk-17\bin\java.exe
0x00007fff20a10000 - 0x00007fff20c08000 	C:\WINDOWS\SYSTEM32\ntdll.dll
0x00007fff1fbb0000 - 0x00007fff1fc6f000 	C:\WINDOWS\System32\KERNEL32.DLL
0x00007fff1e410000 - 0x00007fff1e706000 	C:\WINDOWS\System32\KERNELBASE.dll
0x00007fff1e140000 - 0x00007fff1e240000 	C:\WINDOWS\System32\ucrtbase.dll
0x00007fff059a0000 - 0x00007fff059b9000 	C:\Program Files\Java\jdk-17\bin\jli.dll
0x00007fff059c0000 - 0x00007fff059db000 	C:\Program Files\Java\jdk-17\bin\VCRUNTIME140.dll
0x00007fff1fc70000 - 0x00007fff1fd1f000 	C:\WINDOWS\System32\ADVAPI32.dll
0x00007fff20630000 - 0x00007fff206ce000 	C:\WINDOWS\System32\msvcrt.dll
0x00007fff20590000 - 0x00007fff2062c000 	C:\WINDOWS\System32\sechost.dll
0x00007fff1f1f0000 - 0x00007fff1f316000 	C:\WINDOWS\System32\RPCRT4.dll
0x00007fff207d0000 - 0x00007fff2096d000 	C:\WINDOWS\System32\USER32.dll
0x00007fff1e710000 - 0x00007fff1e732000 	C:\WINDOWS\System32\win32u.dll
0x00007fff20560000 - 0x00007fff2058c000 	C:\WINDOWS\System32\GDI32.dll
0x00007fff1e240000 - 0x00007fff1e355000 	C:\WINDOWS\System32\gdi32full.dll
0x00007fff122b0000 - 0x00007fff1254a000 	C:\WINDOWS\WinSxS\amd64_microsoft.windows.common-controls_6595b64144ccf1df_6.0.19041.1110_none_60b5254171f9507e\COMCTL32.dll
0x00007fff1e9d0000 - 0x00007fff1ea6d000 	C:\WINDOWS\System32\msvcp_win.dll
0x00007fff16270000 - 0x00007fff1627a000 	C:\WINDOWS\SYSTEM32\VERSION.dll
0x00007fff20530000 - 0x00007fff20560000 	C:\WINDOWS\System32\IMM32.DLL
0x00007fff05990000 - 0x00007fff0599c000 	C:\Program Files\Java\jdk-17\bin\vcruntime140_1.dll
0x00007fff05900000 - 0x00007fff0598e000 	C:\Program Files\Java\jdk-17\bin\msvcp140.dll
0x00007ffe96180000 - 0x00007ffe96d5e000 	C:\Program Files\Java\jdk-17\bin\server\jvm.dll
0x00007fff20040000 - 0x00007fff20048000 	C:\WINDOWS\System32\PSAPI.DLL
0x00007fff18c60000 - 0x00007fff18c69000 	C:\WINDOWS\SYSTEM32\WSOCK32.dll
0x00007fff20050000 - 0x00007fff200bb000 	C:\WINDOWS\System32\WS2_32.dll
0x00007fff14350000 - 0x00007fff14377000 	C:\WINDOWS\SYSTEM32\WINMM.dll
0x00007fff1bfb0000 - 0x00007fff1bfc2000 	C:\WINDOWS\SYSTEM32\kernel.appcore.dll
0x00007fff058f0000 - 0x00007fff058fa000 	C:\Program Files\Java\jdk-17\bin\jimage.dll
0x00007fff12a20000 - 0x00007fff12c04000 	C:\WINDOWS\SYSTEM32\DBGHELP.DLL
0x00007fff06580000 - 0x00007fff065b4000 	C:\WINDOWS\SYSTEM32\dbgcore.DLL
0x00007fff1e740000 - 0x00007fff1e7c2000 	C:\WINDOWS\System32\bcryptPrimitives.dll
0x00007fff19c80000 - 0x00007fff19c8e000 	C:\Program Files\Java\jdk-17\bin\instrument.dll
0x00007fff058c0000 - 0x00007fff058e5000 	C:\Program Files\Java\jdk-17\bin\java.dll
0x00007ffea7640000 - 0x00007ffea7717000 	C:\Program Files\Java\jdk-17\bin\jsvml.dll
0x00007fff1f460000 - 0x00007fff1fba4000 	C:\WINDOWS\System32\SHELL32.dll
0x00007fff1c1b0000 - 0x00007fff1c943000 	C:\WINDOWS\SYSTEM32\windows.storage.dll
0x00007fff1ee90000 - 0x00007fff1f1e4000 	C:\WINDOWS\System32\combase.dll
0x00007fff1da50000 - 0x00007fff1da7e000 	C:\WINDOWS\SYSTEM32\Wldp.dll
0x00007fff1ea70000 - 0x00007fff1eb1d000 	C:\WINDOWS\System32\SHCORE.dll
0x00007fff20970000 - 0x00007fff209c5000 	C:\WINDOWS\System32\shlwapi.dll
0x00007fff1e020000 - 0x00007fff1e045000 	C:\WINDOWS\SYSTEM32\profapi.dll
0x00007fff05860000 - 0x00007fff05878000 	C:\Program Files\Java\jdk-17\bin\zip.dll
0x00007fff058a0000 - 0x00007fff058b9000 	C:\Program Files\Java\jdk-17\bin\net.dll
0x00007fff18b00000 - 0x00007fff18c0a000 	C:\WINDOWS\SYSTEM32\WINHTTP.dll
0x00007fff1d7c0000 - 0x00007fff1d82a000 	C:\WINDOWS\system32\mswsock.dll
0x00007fff05880000 - 0x00007fff05896000 	C:\Program Files\Java\jdk-17\bin\nio.dll
0x00007fff12220000 - 0x00007fff1223a000 	E:\Intelliji\IntelliJ IDEA 2023.2.3\bin\breakgen64.dll
0x00007fff1d4f0000 - 0x00007fff1d5ba000 	C:\WINDOWS\SYSTEM32\DNSAPI.dll
0x00007fff1d4b0000 - 0x00007fff1d4eb000 	C:\WINDOWS\SYSTEM32\IPHLPAPI.DLL
0x00007fff206e0000 - 0x00007fff206e8000 	C:\WINDOWS\System32\NSI.dll
0x00007fff16bc0000 - 0x00007fff16bca000 	C:\Windows\System32\rasadhlp.dll
0x00007fff16090000 - 0x00007fff16112000 	C:\WINDOWS\System32\fwpuclnt.dll
0x00007fff1e840000 - 0x00007fff1e867000 	C:\WINDOWS\System32\bcrypt.dll
0x00007fff19c50000 - 0x00007fff19c5a000 	C:\Program Files\Java\jdk-17\bin\management.dll
0x00007fff19bf0000 - 0x00007fff19bfb000 	C:\Program Files\Java\jdk-17\bin\management_ext.dll
0x00007fff1d9b0000 - 0x00007fff1d9c8000 	C:\WINDOWS\SYSTEM32\CRYPTSP.dll
0x00007fff1d0d0000 - 0x00007fff1d104000 	C:\WINDOWS\system32\rsaenh.dll
0x00007fff1dfa0000 - 0x00007fff1dfce000 	C:\WINDOWS\SYSTEM32\USERENV.dll
0x00007fff1dc40000 - 0x00007fff1dc4c000 	C:\WINDOWS\SYSTEM32\CRYPTBASE.dll
0x00007fff18330000 - 0x00007fff18347000 	C:\WINDOWS\SYSTEM32\dhcpcsvc6.DLL
0x00007fff18310000 - 0x00007fff1832d000 	C:\WINDOWS\SYSTEM32\dhcpcsvc.DLL
0x00007ffefc260000 - 0x00007ffefc277000 	C:\WINDOWS\system32\napinsp.dll
0x00007ffefc240000 - 0x00007ffefc25b000 	C:\WINDOWS\system32\pnrpnsp.dll
0x00007ffefc220000 - 0x00007ffefc235000 	C:\WINDOWS\system32\wshbth.dll
0x00007fff19ad0000 - 0x00007fff19aed000 	C:\WINDOWS\system32\NLAapi.dll
0x00007ffefc200000 - 0x00007ffefc212000 	C:\WINDOWS\System32\winrnr.dll
0x00007ffeff9d0000 - 0x00007ffeff9e0000 	C:\Program Files\Java\jdk-17\bin\verify.dll
0x00007fff194f0000 - 0x00007fff194fe000 	C:\Program Files\Java\jdk-17\bin\sunmscapi.dll
0x00007fff1e870000 - 0x00007fff1e9ce000 	C:\WINDOWS\System32\CRYPT32.dll
0x00007fff1dac0000 - 0x00007fff1dae8000 	C:\WINDOWS\SYSTEM32\ncrypt.dll
0x00007fff1da80000 - 0x00007fff1dabb000 	C:\WINDOWS\SYSTEM32\NTASN1.dll

dbghelp: loaded successfully - version: 4.0.5 - missing functions: none
symbol engine: initialized successfully - sym options: 0x614 - pdb path: .;C:\Program Files\Java\jdk-17\bin;C:\WINDOWS\SYSTEM32;C:\WINDOWS\WinSxS\amd64_microsoft.windows.common-controls_6595b64144ccf1df_6.0.19041.1110_none_60b5254171f9507e;C:\Program Files\Java\jdk-17\bin\server;E:\Intelliji\IntelliJ IDEA 2023.2.3\bin

VM Arguments:
jvm_args: -XX:TieredStopAtLevel=1 -Dspring.output.ansi.enabled=always -Dcom.sun.management.jmxremote -Dspring.jmx.enabled=true -Dspring.liveBeansView.mbeanDomain -Dspring.application.admin.enabled=true -Dmanagement.endpoints.jmx.exposure.include=* -javaagent:E:\Intelliji\IntelliJ IDEA 2023.2.3\lib\idea_rt.jar=54460:E:\Intelliji\IntelliJ IDEA 2023.2.3\bin -Dfile.encoding=UTF-8 
java_command: com.example.spring.CafeManagerApplication.CafeManagerApplication
java_class_path (initial): D:\Hoàng\Hoàng\CNPM\Fe3\cafe-manangement\API\cafe-mangement\target\classes;C:\Users\Yes i can\.m2\repository\org\springframework\boot\spring-boot-starter-data-jpa\3.1.4\spring-boot-starter-data-jpa-3.1.4.jar;C:\Users\Yes i can\.m2\repository\org\springframework\boot\spring-boot-starter-aop\3.1.4\spring-boot-starter-aop-3.1.4.jar;C:\Users\Yes i can\.m2\repository\org\aspectj\aspectjweaver\1.9.20\aspectjweaver-1.9.20.jar;C:\Users\Yes i can\.m2\repository\org\springframework\boot\spring-boot-starter-jdbc\3.1.4\spring-boot-starter-jdbc-3.1.4.jar;C:\Users\Yes i can\.m2\repository\com\zaxxer\HikariCP\5.0.1\HikariCP-5.0.1.jar;C:\Users\Yes i can\.m2\repository\org\springframework\spring-jdbc\6.0.12\spring-jdbc-6.0.12.jar;C:\Users\Yes i can\.m2\repository\org\hibernate\orm\hibernate-core\6.2.9.Final\hibernate-core-6.2.9.Final.jar;C:\Users\Yes i can\.m2\repository\jakarta\persistence\jakarta.persistence-api\3.1.0\jakarta.persistence-api-3.1.0.jar;C:\Users\Yes i can\.m2\repository\jakarta\transaction\jakarta.transaction-api\2.0.1\jakarta.transaction-api-2.0.1.jar;C:\Users\Yes i can\.m2\repository\org\jboss\logging\jboss-logging\3.5.3.Final\jboss-logging-3.5.3.Final.jar;C:\Users\Yes i can\.m2\repository\org\hibernate\common\hibernate-commons-annotations\6.0.6.Final\hibernate-commons-annotations-6.0.6.Final.jar;C:\Users\Yes i can\.m2\repository\io\smallrye\jandex\3.0.5\jandex-3.0.5.jar;C:\Users\Yes i can\.m2\repository\net\bytebuddy\byte-buddy\1.14.8\byte-buddy-1.14.8.jar;C:\Users\Yes i can\.m2\repository\org\glassfish\jaxb\jaxb-runtime\4.0.3\jaxb-runtime-4.0.3.jar;C:\Users\Yes i can\.m2\repository\org\glassfish\jaxb\jaxb-core\4.0.3\jaxb-core-4.0.3.jar;C:\Users\Yes i can\.m2\repository\org\glassfish\jaxb\txw2\4.0.3\txw2-4.0.3.jar;C:\Users\Yes i can\.m2\repository\com\sun\istack\istack-commons-runtime\4.1.2\istack-commons-runtime-4.1.2.jar;C:\Users\Yes i can\.m2\repository\jakarta\inject\jakarta.inject-api\2.0.1\jakarta.inject-api-2.0.1.jar;C:\Users\Y
Launcher Type: SUN_STANDARD

[Global flags]
     intx CICompilerCount                          = 3                                         {product} {ergonomic}
     uint ConcGCThreads                            = 2                                         {product} {ergonomic}
     uint G1ConcRefinementThreads                  = 6                                         {product} {ergonomic}
   size_t G1HeapRegionSize                         = 2097152                                   {product} {ergonomic}
    uintx GCDrainStackTargetSize                   = 64                                        {product} {ergonomic}
   size_t InitialHeapSize                          = 268435456                                 {product} {ergonomic}
     bool ManagementServer                         = true                                      {product} {command line}
   size_t MarkStackSize                            = 4194304                                   {product} {ergonomic}
   size_t MaxHeapSize                              = 4280287232                                {product} {ergonomic}
   size_t MaxNewSize                               = 2566914048                                {product} {ergonomic}
   size_t MinHeapDeltaBytes                        = 2097152                                   {product} {ergonomic}
   size_t MinHeapSize                              = 8388608                                   {product} {ergonomic}
    uintx NonProfiledCodeHeapSize                  = 0                                      {pd product} {ergonomic}
     bool ProfileInterpreter                       = false                                  {pd product} {command line}
    uintx ProfiledCodeHeapSize                     = 0                                      {pd product} {ergonomic}
   size_t SoftMaxHeapSize                          = 4280287232                             {manageable} {ergonomic}
     intx TieredStopAtLevel                        = 1                                         {product} {command line}
     bool UseCompressedClassPointers               = true                           {product lp64_product} {ergonomic}
     bool UseCompressedOops                        = true                           {product lp64_product} {ergonomic}
     bool UseG1GC                                  = true                                      {product} {ergonomic}
     bool UseLargePagesIndividualAllocation        = false                                  {pd product} {ergonomic}

Logging:
Log output configuration:
 #0: stdout all=warning uptime,level,tags
 #1: stderr all=off uptime,level,tags

Environment Variables:
PATH=C:\Program Files\Common Files\Oracle\Java\javapath;C:\Program Files\Microsoft\jdk-11.0.16.101-hotspot\bin;C:\Python311\Scripts\;C:\Python311\;C:\WINDOWS\system32;C:\WINDOWS;C:\WINDOWS\System32\Wbem;C:\WINDOWS\System32\WindowsPowerShell\v1.0\;C:\WINDOWS\System32\OpenSSH\;C:\ProgramData\chocolatey\bin;C:\Program Files\Git\cmd;C:\Program Files\Microsoft SQL Server\150\Tools\Binn\;C:\Program Files\Microsoft SQL Server\Client SDK\ODBC\170\Tools\Binn\;C:\Program Files\dotnet\;C:\Program Files (x86)\Microsoft SQL Server\160\Tools\Binn\;C:\Program Files\Microsoft SQL Server\160\Tools\Binn\;C:\Program Files\Microsoft SQL Server\160\DTS\Binn\;C:\Program Files (x86)\Microsoft SQL Server\160\DTS\Binn\;C:\Program Files\Azure Data Studio\bin;C:\Program Files\Cloudflare\Cloudflare WARP\;C:\Program Files\nodejs\;C:\Program Files\MySQL\MySQL Shell 8.0\bin\;C:\Users\Yes i can\AppData\Local\Microsoft\WindowsApps;C:\Users\Yes i can\AppData\Local\Programs\Microsoft VS Code\bin;C:\Users\Yes i can\.dotnet\tools;C:\Program Files\Azure Data Studio\bin;E:\Intelliji\IntelliJ IDEA 2023.2.3\bin;;C:\Users\Yes i can\AppData\Roaming\npm
USERNAME=Yes i can
OS=Windows_NT
PROCESSOR_IDENTIFIER=Intel64 Family 6 Model 158 Stepping 10, GenuineIntel



---------------  S Y S T E M  ---------------

OS:
 Windows 10 , 64 bit Build 19041 (10.0.19041.3155)
OS uptime: 0 days 1:33 hours

CPU: total 6 (initial active 6) (6 cores per cpu, 1 threads per core) family 6 model 158 stepping 10 microcode 0xb4, cx8, cmov, fxsr, mmx, 3dnowpref, sse, sse2, sse3, ssse3, sse4.1, sse4.2, popcnt, lzcnt, tsc, tscinvbit, avx, avx2, aes, erms, clmul, bmi1, bmi2, adx, fma, vzeroupper, clflush, clflushopt

Memory: 4k page, system-wide physical 16323M (1261M free)
TotalPageFile size 24515M (AvailPageFile size 83M)
current process WorkingSet (physical memory assigned to process): 278M, peak: 278M
current process commit charge ("private bytes"): 322M, peak: 448M

vm_info: Java HotSpot(TM) 64-Bit Server VM (17.0.8+9-LTS-211) for windows-amd64 JRE (17.0.8+9-LTS-211), built on Jun 14 2023 10:34:31 by "mach5one" with MS VC++ 17.1 (VS2022)

END.
